Terminals unused in grammar

   SUMA
   RESTA
   COMA
   OTHER


Gramática

    0 $accept: programa $end

    1 $@1: /* vacío */

    2 programa: INICIO $@1 sentencias FIN

    3 sentencias: sentencia
    4           | sentencias sentencia

    5 sentencia: ENTERO ID ASIGNACION NUMERO PUNTO
    6          | ID ASIGNACION NUMERO PUNTO
    7          | ENTERO ID ASIGNACION CALCULARFECHA PARENTESISIZQUIERDO ID ID ID PARENTESISDERECHO PUNTO
    8          | ENTERO ID ASIGNACION CALCULAREDAD PARENTESISIZQUIERDO ID ID PARENTESISDERECHO PUNTO
    9          | MOSTRAREDAD PARENTESISIZQUIERDO ID PARENTESISDERECHO PUNTO


Terminales con las reglas donde aparecen

$end (0) 0
error (256)
ASIGNACION (258) 5 6 7 8
PUNTO (259) 5 6 7 8 9
SUMA (260)
RESTA (261)
PARENTESISIZQUIERDO (262) 7 8 9
PARENTESISDERECHO (263) 7 8 9
COMA (264)
OTHER (265)
CALCULARFECHA (266) 7
CALCULAREDAD (267) 8
MOSTRAREDAD (268) 9
INICIO (269) 2
FIN (270) 2
ENTERO (271) 5 7 8
ID (272) 5 6 7 8 9
NUMERO (273) 5 6


No terminales con las reglas donde aparecen

$accept (19)
    en la izquierda: 0
programa (20)
    en la izquierda: 2, en la derecha: 0
$@1 (21)
    en la izquierda: 1, en la derecha: 2
sentencias (22)
    en la izquierda: 3 4, en la derecha: 2 4
sentencia (23)
    en la izquierda: 5 6 7 8 9, en la derecha: 3 4


estado 0

    0 $accept: . programa $end

    INICIO  desplazar e ir al estado 1

    programa  ir al estado 2


estado 1

    2 programa: INICIO . $@1 sentencias FIN

    $default  reduce usando la regla 1 ($@1)

    $@1  ir al estado 3


estado 2

    0 $accept: programa . $end

    $end  desplazar e ir al estado 4


estado 3

    2 programa: INICIO $@1 . sentencias FIN

    MOSTRAREDAD  desplazar e ir al estado 5
    ENTERO       desplazar e ir al estado 6
    ID           desplazar e ir al estado 7

    sentencias  ir al estado 8
    sentencia   ir al estado 9


estado 4

    0 $accept: programa $end .

    $default  aceptar


estado 5

    9 sentencia: MOSTRAREDAD . PARENTESISIZQUIERDO ID PARENTESISDERECHO PUNTO

    PARENTESISIZQUIERDO  desplazar e ir al estado 10


estado 6

    5 sentencia: ENTERO . ID ASIGNACION NUMERO PUNTO
    7          | ENTERO . ID ASIGNACION CALCULARFECHA PARENTESISIZQUIERDO ID ID ID PARENTESISDERECHO PUNTO
    8          | ENTERO . ID ASIGNACION CALCULAREDAD PARENTESISIZQUIERDO ID ID PARENTESISDERECHO PUNTO

    ID  desplazar e ir al estado 11


estado 7

    6 sentencia: ID . ASIGNACION NUMERO PUNTO

    ASIGNACION  desplazar e ir al estado 12


estado 8

    2 programa: INICIO $@1 sentencias . FIN
    4 sentencias: sentencias . sentencia

    MOSTRAREDAD  desplazar e ir al estado 5
    FIN          desplazar e ir al estado 13
    ENTERO       desplazar e ir al estado 6
    ID           desplazar e ir al estado 7

    sentencia  ir al estado 14


estado 9

    3 sentencias: sentencia .

    $default  reduce usando la regla 3 (sentencias)


estado 10

    9 sentencia: MOSTRAREDAD PARENTESISIZQUIERDO . ID PARENTESISDERECHO PUNTO

    ID  desplazar e ir al estado 15


estado 11

    5 sentencia: ENTERO ID . ASIGNACION NUMERO PUNTO
    7          | ENTERO ID . ASIGNACION CALCULARFECHA PARENTESISIZQUIERDO ID ID ID PARENTESISDERECHO PUNTO
    8          | ENTERO ID . ASIGNACION CALCULAREDAD PARENTESISIZQUIERDO ID ID PARENTESISDERECHO PUNTO

    ASIGNACION  desplazar e ir al estado 16


estado 12

    6 sentencia: ID ASIGNACION . NUMERO PUNTO

    NUMERO  desplazar e ir al estado 17


estado 13

    2 programa: INICIO $@1 sentencias FIN .

    $default  reduce usando la regla 2 (programa)


estado 14

    4 sentencias: sentencias sentencia .

    $default  reduce usando la regla 4 (sentencias)


estado 15

    9 sentencia: MOSTRAREDAD PARENTESISIZQUIERDO ID . PARENTESISDERECHO PUNTO

    PARENTESISDERECHO  desplazar e ir al estado 18


estado 16

    5 sentencia: ENTERO ID ASIGNACION . NUMERO PUNTO
    7          | ENTERO ID ASIGNACION . CALCULARFECHA PARENTESISIZQUIERDO ID ID ID PARENTESISDERECHO PUNTO
    8          | ENTERO ID ASIGNACION . CALCULAREDAD PARENTESISIZQUIERDO ID ID PARENTESISDERECHO PUNTO

    CALCULARFECHA  desplazar e ir al estado 19
    CALCULAREDAD   desplazar e ir al estado 20
    NUMERO         desplazar e ir al estado 21


estado 17

    6 sentencia: ID ASIGNACION NUMERO . PUNTO

    PUNTO  desplazar e ir al estado 22


estado 18

    9 sentencia: MOSTRAREDAD PARENTESISIZQUIERDO ID PARENTESISDERECHO . PUNTO

    PUNTO  desplazar e ir al estado 23


estado 19

    7 sentencia: ENTERO ID ASIGNACION CALCULARFECHA . PARENTESISIZQUIERDO ID ID ID PARENTESISDERECHO PUNTO

    PARENTESISIZQUIERDO  desplazar e ir al estado 24


estado 20

    8 sentencia: ENTERO ID ASIGNACION CALCULAREDAD . PARENTESISIZQUIERDO ID ID PARENTESISDERECHO PUNTO

    PARENTESISIZQUIERDO  desplazar e ir al estado 25


estado 21

    5 sentencia: ENTERO ID ASIGNACION NUMERO . PUNTO

    PUNTO  desplazar e ir al estado 26


estado 22

    6 sentencia: ID ASIGNACION NUMERO PUNTO .

    $default  reduce usando la regla 6 (sentencia)


estado 23

    9 sentencia: MOSTRAREDAD PARENTESISIZQUIERDO ID PARENTESISDERECHO PUNTO .

    $default  reduce usando la regla 9 (sentencia)


estado 24

    7 sentencia: ENTERO ID ASIGNACION CALCULARFECHA PARENTESISIZQUIERDO . ID ID ID PARENTESISDERECHO PUNTO

    ID  desplazar e ir al estado 27


estado 25

    8 sentencia: ENTERO ID ASIGNACION CALCULAREDAD PARENTESISIZQUIERDO . ID ID PARENTESISDERECHO PUNTO

    ID  desplazar e ir al estado 28


estado 26

    5 sentencia: ENTERO ID ASIGNACION NUMERO PUNTO .

    $default  reduce usando la regla 5 (sentencia)


estado 27

    7 sentencia: ENTERO ID ASIGNACION CALCULARFECHA PARENTESISIZQUIERDO ID . ID ID PARENTESISDERECHO PUNTO

    ID  desplazar e ir al estado 29


estado 28

    8 sentencia: ENTERO ID ASIGNACION CALCULAREDAD PARENTESISIZQUIERDO ID . ID PARENTESISDERECHO PUNTO

    ID  desplazar e ir al estado 30


estado 29

    7 sentencia: ENTERO ID ASIGNACION CALCULARFECHA PARENTESISIZQUIERDO ID ID . ID PARENTESISDERECHO PUNTO

    ID  desplazar e ir al estado 31


estado 30

    8 sentencia: ENTERO ID ASIGNACION CALCULAREDAD PARENTESISIZQUIERDO ID ID . PARENTESISDERECHO PUNTO

    PARENTESISDERECHO  desplazar e ir al estado 32


estado 31

    7 sentencia: ENTERO ID ASIGNACION CALCULARFECHA PARENTESISIZQUIERDO ID ID ID . PARENTESISDERECHO PUNTO

    PARENTESISDERECHO  desplazar e ir al estado 33


estado 32

    8 sentencia: ENTERO ID ASIGNACION CALCULAREDAD PARENTESISIZQUIERDO ID ID PARENTESISDERECHO . PUNTO

    PUNTO  desplazar e ir al estado 34


estado 33

    7 sentencia: ENTERO ID ASIGNACION CALCULARFECHA PARENTESISIZQUIERDO ID ID ID PARENTESISDERECHO . PUNTO

    PUNTO  desplazar e ir al estado 35


estado 34

    8 sentencia: ENTERO ID ASIGNACION CALCULAREDAD PARENTESISIZQUIERDO ID ID PARENTESISDERECHO PUNTO .

    $default  reduce usando la regla 8 (sentencia)


estado 35

    7 sentencia: ENTERO ID ASIGNACION CALCULARFECHA PARENTESISIZQUIERDO ID ID ID PARENTESISDERECHO PUNTO .

    $default  reduce usando la regla 7 (sentencia)
